This is pdfTeX, Version 3.14159265-2.6-1.40.20 (TeX Live 2019) (preloaded format=pdflatex 2019.10.18)  20 DEC 2019 11:23
entering extended mode
 restricted \write18 enabled.
 %&-line parsing enabled.
**formatting-instructions-latex-2020.tex
(./formatting-instructions-latex-2020.tex
LaTeX2e <2019-10-01> patch level 1
(/usr/local/texlive/2019/texmf-dist/tex/latex/base/article.cls
Document Class: article 2019/08/27 v1.4j Standard LaTeX document class
(/usr/local/texlive/2019/texmf-dist/tex/latex/base/size10.clo
File: size10.clo 2019/08/27 v1.4j Standard LaTeX file (size option)
)
\c@part=\count80
\c@section=\count81
\c@subsection=\count82
\c@subsubsection=\count83
\c@paragraph=\count84
\c@subparagraph=\count85
\c@figure=\count86
\c@table=\count87
\abovecaptionskip=\skip41
\belowcaptionskip=\skip42
\bibindent=\dimen102
) (./aaai20.sty
Conference Style for AAAI for LaTeX 2e -- version for the AAAI-20 conference
\titlebox=\skip43
) (/usr/local/texlive/2019/texmf-dist/tex/latex/psnfss/times.sty
Package: times 2005/04/12 PSNFSS-v9.2a (SPQR) 
)
(/Users/Hamilton/Library/texmf/tex/latex/helvetica/helvet.sty
Package: helvet 2000/01/12 PSNFSS-v8.1 Helvetica font as default sans (WaS) 

(/usr/local/texlive/2019/texmf-dist/tex/latex/graphics/keyval.sty
Package: keyval 2014/10/28 v1.15 key=value parser (DPC)
\KV@toks@=\toks14
))
(/usr/local/texlive/2019/texmf-dist/tex/latex/psnfss/courier.sty
Package: courier 2005/04/12 PSNFSS-v9.2a (WaS) 
)
(/usr/local/texlive/2019/texmf-dist/tex/latex/url/url.sty
\Urlmuskip=\muskip10
Package: url 2013/09/16  ver 3.4  Verb mode for urls, etc.
)
(/usr/local/texlive/2019/texmf-dist/tex/latex/graphics/graphicx.sty
Package: graphicx 2017/06/01 v1.1a Enhanced LaTeX Graphics (DPC,SPQR)

(/usr/local/texlive/2019/texmf-dist/tex/latex/graphics/graphics.sty
Package: graphics 2019/10/08 v1.3c Standard LaTeX Graphics (DPC,SPQR)

(/usr/local/texlive/2019/texmf-dist/tex/latex/graphics/trig.sty
Package: trig 2016/01/03 v1.10 sin cos tan (DPC)
)
(/Users/Hamilton/Library/texmf/tex/latex/config/graphics.cfg
File: graphics.cfg 2001/08/31 v1.1 graphics configuration of teTeX/TeXLive
)
Package graphics Info: Driver file: pdftex.def on input line 105.

(/usr/local/texlive/2019/texmf-dist/tex/latex/graphics-def/pdftex.def
File: pdftex.def 2018/01/08 v1.0l Graphics/color driver for pdftex
))
\Gin@req@height=\dimen103
\Gin@req@width=\dimen104
)
(./formatting-instructions-latex-2020.aux)
\openout1 = `formatting-instructions-latex-2020.aux'.

LaTeX Font Info:    Checking defaults for OML/cmm/m/it on input line 95.
LaTeX Font Info:    ... okay on input line 95.
LaTeX Font Info:    Checking defaults for T1/cmr/m/n on input line 95.
LaTeX Font Info:    ... okay on input line 95.
LaTeX Font Info:    Checking defaults for OT1/cmr/m/n on input line 95.
LaTeX Font Info:    ... okay on input line 95.
LaTeX Font Info:    Checking defaults for OMS/cmsy/m/n on input line 95.
LaTeX Font Info:    ... okay on input line 95.
LaTeX Font Info:    Checking defaults for OMX/cmex/m/n on input line 95.
LaTeX Font Info:    ... okay on input line 95.
LaTeX Font Info:    Checking defaults for U/cmr/m/n on input line 95.
LaTeX Font Info:    ... okay on input line 95.
LaTeX Font Info:    Trying to load font information for OT1+ptm on input line 9
5.

(/usr/local/texlive/2019/texmf-dist/tex/latex/psnfss/ot1ptm.fd
File: ot1ptm.fd 2001/06/04 font definitions for OT1/ptm.
)
(/usr/local/texlive/2019/texmf-dist/tex/context/base/mkii/supp-pdf.mkii
[Loading MPS to PDF converter (version 2006.09.02).]
\scratchcounter=\count88
\scratchdimen=\dimen105
\scratchbox=\box27
\nofMPsegments=\count89
\nofMParguments=\count90
\everyMPshowfont=\toks15
\MPscratchCnt=\count91
\MPscratchDim=\dimen106
\MPnumerator=\count92
\makeMPintoPDFobject=\count93
\everyMPtoPDFconversion=\toks16
) (/usr/local/texlive/2019/texmf-dist/tex/latex/oberdiek/epstopdf-base.sty
Package: epstopdf-base 2016/05/15 v2.6 Base part for package epstopdf

(/usr/local/texlive/2019/texmf-dist/tex/generic/oberdiek/infwarerr.sty
Package: infwarerr 2016/05/16 v1.4 Providing info/warning/error messages (HO)
)
(/usr/local/texlive/2019/texmf-dist/tex/latex/oberdiek/grfext.sty
Package: grfext 2016/05/16 v1.2 Manage graphics extensions (HO)

(/usr/local/texlive/2019/texmf-dist/tex/generic/oberdiek/kvdefinekeys.sty
Package: kvdefinekeys 2016/05/16 v1.4 Define keys (HO)

(/usr/local/texlive/2019/texmf-dist/tex/generic/oberdiek/ltxcmds.sty
Package: ltxcmds 2016/05/16 v1.23 LaTeX kernel commands for general use (HO)
)))
(/usr/local/texlive/2019/texmf-dist/tex/latex/oberdiek/kvoptions.sty
Package: kvoptions 2016/05/16 v3.12 Key value format for package options (HO)

(/usr/local/texlive/2019/texmf-dist/tex/generic/oberdiek/kvsetkeys.sty
Package: kvsetkeys 2016/05/16 v1.17 Key value parser (HO)

(/usr/local/texlive/2019/texmf-dist/tex/generic/oberdiek/etexcmds.sty
Package: etexcmds 2016/05/16 v1.6 Avoid name clashes with e-TeX commands (HO)

(/usr/local/texlive/2019/texmf-dist/tex/generic/oberdiek/ifluatex.sty
Package: ifluatex 2016/05/16 v1.4 Provides the ifluatex switch (HO)
Package ifluatex Info: LuaTeX not detected.
))))
(/usr/local/texlive/2019/texmf-dist/tex/generic/oberdiek/pdftexcmds.sty
Package: pdftexcmds 2019/07/25 v0.30 Utility functions of pdfTeX for LuaTeX (HO
)

(/usr/local/texlive/2019/texmf-dist/tex/generic/oberdiek/ifpdf.sty
Package: ifpdf 2018/09/07 v3.3 Provides the ifpdf switch
)
Package pdftexcmds Info: LuaTeX not detected.
Package pdftexcmds Info: \pdf@primitive is available.
Package pdftexcmds Info: \pdf@ifprimitive is available.
Package pdftexcmds Info: \pdfdraftmode found.
)
Package epstopdf-base Info: Redefining graphics rule for `.eps' on input line 4
38.
Package grfext Info: Graphics extension search list:
(grfext)             [.pdf,.png,.jpg,.mps,.jpeg,.jbig2,.jb2,.PDF,.PNG,.JPG,.JPE
G,.JBIG2,.JB2,.eps]
(grfext)             \AppendGraphicsExtensions on input line 456.

(/usr/local/texlive/2019/texmf-dist/tex/latex/latexconfig/epstopdf-sys.cfg
File: epstopdf-sys.cfg 2010/07/13 v1.3 Configuration of (r)epstopdf for TeX Liv
e
))
LaTeX Font Info:    Font shape `OT1/ptm/bx/n' in size <14.4> not available
(Font)              Font shape `OT1/ptm/b/n' tried instead on input line 97.
LaTeX Font Info:    External font `cmex10' loaded for size
(Font)              <14.4> on input line 97.
LaTeX Font Info:    External font `cmex10' loaded for size
(Font)              <7> on input line 97.
LaTeX Font Info:    Font shape `OT1/ptm/bx/n' in size <10> not available
(Font)              Font shape `OT1/ptm/b/n' tried instead on input line 97.
LaTeX Font Info:    External font `cmex10' loaded for size
(Font)              <5> on input line 97.
LaTeX Font Info:    Font shape `OT1/ptm/bx/n' in size <12> not available
(Font)              Font shape `OT1/ptm/b/n' tried instead on input line 97.
LaTeX Font Info:    External font `cmex10' loaded for size
(Font)              <12> on input line 97.
LaTeX Font Info:    External font `cmex10' loaded for size
(Font)              <8> on input line 97.
LaTeX Font Info:    External font `cmex10' loaded for size
(Font)              <6> on input line 97.
LaTeX Font Info:    Font shape `OT1/ptm/bx/n' in size <8> not available
(Font)              Font shape `OT1/ptm/b/n' tried instead on input line 97.
LaTeX Font Info:    Trying to load font information for OMS+ptm on input line 9
7.

(/usr/local/texlive/2019/texmf-dist/tex/latex/psnfss/omsptm.fd
File: omsptm.fd 
)
LaTeX Font Info:    Font shape `OMS/ptm/m/n' in size <8> not available
(Font)              Font shape `OMS/cmsy/m/n' tried instead on input line 97.
LaTeX Font Info:    External font `cmex10' loaded for size
(Font)              <9> on input line 97.
LaTeX Font Info:    Font shape `OMS/ptm/m/n' in size <6> not available
(Font)              Font shape `OMS/cmsy/m/n' tried instead on input line 97.
LaTeX Font Info:    Font shape `OMS/ptm/m/n' in size <9> not available
(Font)              Font shape `OMS/cmsy/m/n' tried instead on input line 97.
LaTeX Font Info:    Font shape `OMS/ptm/m/n' in size <10> not available
(Font)              Font shape `OMS/cmsy/m/n' tried instead on input line 110.
 [1{/usr/local/texlive/2019/texmf-var/fonts/map/pdftex/updmap/pdftex.map}



]
LaTeX Font Info:    Font shape `OT1/ptm/bx/n' in size <10.95> not available
(Font)              Font shape `OT1/ptm/b/n' tried instead on input line 183.
 [2]
Underfull \hbox (badness 1776) in paragraph at lines 189--190
\OT1/ptm/m/n/10 fit within the spec-i-fied height al-lowed, put \OMS/cmsy/m/n/1
0 n\OT1/ptm/m/n/10 setlength
 []

LaTeX Font Info:    Trying to load font information for OT1+pcr on input line 1
93.
(/usr/local/texlive/2019/texmf-dist/tex/latex/psnfss/ot1pcr.fd
File: ot1pcr.fd 2001/06/04 font definitions for OT1/pcr.
)
LaTeX Font Info:    External font `cmex10' loaded for size
(Font)              <10.95> on input line 275.
 [3]
Underfull \hbox (badness 2035) in paragraph at lines 371--372
\OT1/ptm/m/n/10 in-clude \OMS/cmsy/m/n/10 n\OT1/ptm/m/n/10 columnsep, \OMS/cmsy
/m/n/10 n\OT1/ptm/m/n/10 topmargin, \OMS/cmsy/m/n/10 n\OT1/ptm/m/n/10 topskip, 
\OMS/cmsy/m/n/10 n\OT1/ptm/m/n/10 textheight,
 []

[4]
<figure1.pdf, id=23, 250.7769pt x 87.6876pt>
File: figure1.pdf Graphic file (type pdf)
<use figure1.pdf>
Package pdftex.def Info: figure1.pdf  used on input line 384.
(pdftex.def)             Requested size: 215.45348pt x 75.33894pt.
<figure2.pdf, id=24, 505.89pt x 159.9576pt>
File: figure2.pdf Graphic file (type pdf)
<use figure2.pdf>
Package pdftex.def Info: figure2.pdf  used on input line 391.
(pdftex.def)             Requested size: 404.71353pt x 127.96867pt.
LaTeX Font Info:    Font shape `OT1/ptm/bx/n' in size <7> not available
(Font)              Font shape `OT1/ptm/b/n' tried instead on input line 414.

Underfull \hbox (badness 1264) in paragraph at lines 414--416
 \OT1/ptm/b/n/10 Ob-tain-ing Type 1 Com-puter Mod-ern for L[]T[]X. \OT1/ptm/m/n
/10 If
 []


Underfull \hbox (badness 1281) in paragraph at lines 414--416
\OT1/ptm/m/n/10 pa-per (you can-not use it for the text) you may need
 []

[5 <./figure1.pdf>]
Underfull \hbox (badness 1231) in paragraph at lines 476--477
\OT1/ptm/m/n/10 The copy-right no-tice au-to-mat-i-cally ap-pears if you use
 []

[6 <./figure2.pdf>]
Underfull \hbox (badness 3209) in paragraph at lines 523--524
 \OT1/ptm/b/n/10 Sec-tion Head-ings. \OT1/ptm/m/n/10 Sec-tions should be ar-ran
ged and
 []


Underfull \hbox (badness 1248) in paragraph at lines 526--527
\OT1/ptm/m/n/10 ``Ac-knowl-edg-ments." This sec-tion in-cludes ac-knowl-edg-
 []


Underfull \hbox (badness 2158) in paragraph at lines 529--530
 \OT1/ptm/b/n/10 Ap-pen-dices. \OT1/ptm/m/n/10 Any ap-pen-dices fol-low the ac-
knowl-edg-
 []


Underfull \hbox (badness 2035) in paragraph at lines 532--533
 \OT1/ptm/b/n/10 Ref-er-ences \OT1/ptm/m/n/10 The ref-er-ences sec-tion should 
be la-beled
 []


Underfull \hbox (badness 10000) in paragraph at lines 544--545
 \OT1/ptm/b/n/10 Low-Resolution Bitmaps. \OT1/ptm/m/n/10 You may not use low-
 []


Underfull \hbox (badness 5403) in paragraph at lines 544--545
\OT1/ptm/m/n/10 resolution (such as 72 dpi) screen-dumps and GIF
 []

[7]
Underfull \hbox (badness 10000) in paragraph at lines 584--585
[]\OT1/ptm/m/n/10 Please note that you are re-quired to use
 []


Underfull \hbox (badness 1603) in paragraph at lines 584--585
\OMS/cmsy/m/n/10 n\OT1/ptm/m/n/10 bibliographystyle\OMS/cmsy/m/n/10 f\OT1/ptm/m
/n/10 aaai\OMS/cmsy/m/n/10 g \OT1/ptm/m/n/10 for your ref-er-ences. You may
 []


Underfull \hbox (badness 1478) in paragraph at lines 584--585
\OT1/ptm/m/n/10 with the hy-per-ref and nav-i-ga-tor pack-ages. If you use
 []


Underfull \hbox (badness 10000) in paragraph at lines 587--590
\OMS/cmsy/m/n/9 n\OT1/ptm/m/n/9 newcommand\OMS/cmsy/m/n/9 fn\OT1/ptm/m/n/9 cite
p\OMS/cmsy/m/n/9 gfn\OT1/ptm/m/n/9 cite\OMS/cmsy/m/n/9 g
 []


Overfull \hbox (4.90749pt too wide) in paragraph at lines 587--590
\OMS/cmsy/m/n/9 n\OT1/ptm/m/n/9 newcommand\OMS/cmsy/m/n/9 fn\OT1/ptm/m/n/9 cite
alp\OMS/cmsy/m/n/9 g\OT1/ptm/m/n/9 [1]\OMS/cmsy/m/n/9 fn\OT1/ptm/m/n/9 citeauth
or\OMS/cmsy/m/n/9 f\OT1/ptm/m/n/9 #1\OMS/cmsy/m/n/9 g n\OT1/ptm/m/n/9 citeyear\
OMS/cmsy/m/n/9 f\OT1/ptm/m/n/9 #1\OMS/cmsy/m/n/9 gg 
 []


Underfull \hbox (badness 1953) in paragraph at lines 597--598
\OT1/ptm/m/n/10 You must re-duce the size equally for both font size
 []

LaTeX Font Info:    Font shape `OMS/ptm/m/it' in size <10> not available
(Font)              Font shape `OMS/cmsy/m/n' tried instead on input line 603.

Underfull \hbox (badness 2221) in paragraph at lines 637--638
\OT1/ptm/m/n/10 style, please con-sult the \OT1/ptm/m/it/10 AI Mag-a-zine \OT1/
ptm/m/n/10 Au-thor Guide-
 []


Underfull \hbox (badness 10000) in paragraph at lines 637--638
\OT1/ptm/m/n/10 lines at $https : / / aaai . org / ojs / index . php / aimagazi
ne / about /
 []

[8]
Underfull \hbox (badness 1028) in paragraph at lines 668--669
\OT1/ptm/m/n/10 L[]T[]X is a dif-fi-cult pro-gram to mas-ter. If you've used
 []


Underfull \hbox (badness 1389) in paragraph at lines 668--669
\OT1/ptm/m/n/10 that soft-ware, and this doc-u-ment didn't help or some
 []


Underfull \hbox (badness 1087) in paragraph at lines 668--669
\OT1/ptm/m/n/10 2002/08/13) about ob-tain-ing cor-rect PS/PDF out-put on
 []

[9] (./formatting-instructions-latex-2020.aux) ) 
Here is how much of TeX's memory you used:
 1753 strings out of 492167
 25512 string characters out of 6125388
 101020 words of memory out of 5000000
 6083 multiletter control sequences out of 15000+600000
 29955 words of font info for 62 fonts, out of 8000000 for 9000
 1141 hyphenation exceptions out of 8191
 46i,14n,30p,1032b,336s stack positions out of 5000i,500n,10000p,200000b,80000s
{/usr/local/texlive/2019/texmf-
dist/fonts/enc/dvips/base/8r.enc}</usr/local/texlive/2019/texmf-dist/fonts/type
1/public/amsfonts/cm/cmsy10.pfb></usr/local/texlive/2019/texmf-dist/fonts/type1
/public/amsfonts/cm/cmsy6.pfb></usr/local/texlive/2019/texmf-dist/fonts/type1/p
ublic/amsfonts/cm/cmsy8.pfb></usr/local/texlive/2019/texmf-dist/fonts/type1/pub
lic/amsfonts/cm/cmsy9.pfb></usr/local/texlive/2019/texmf-dist/fonts/type1/urw/c
ourier/ucrr8a.pfb></usr/local/texlive/2019/texmf-dist/fonts/type1/urw/times/utm
b8a.pfb></usr/local/texlive/2019/texmf-dist/fonts/type1/urw/times/utmr8a.pfb></
usr/local/texlive/2019/texmf-dist/fonts/type1/urw/times/utmri8a.pfb>
Output written on formatting-instructions-latex-2020.pdf (9 pages, 3662789 byte
s).
PDF statistics:
 73 PDF objects out of 1000 (max. 8388607)
 49 compressed objects within 1 object stream
 0 named destinations out of 1000 (max. 500000)
 11 words of extra memory for PDF output out of 10000 (max. 10000000)

